<?xml version="1.0" encoding="UTF-8"?>
<!-- Generated by org.testng.reporters.JUnitXMLReporter -->
<testsuite ignored="1" hostname="LAPTOP-5690O3K1" failures="0" tests="1" name="MobileTests" time="101.421" errors="0" timestamp="2025-05-29T12:33:53 IST">
  <testcase classname="com.proenx.rdep.mpos.MposLoginTest" name="Valid_Transaction" time="82.863"/>
  <testcase classname="com.proenx.rdep.mpos.MposLoginTest" name="create_promotion" time="0.0">
    <ignored/>
  </testcase> <!-- create_promotion -->
</testsuite> <!-- MobileTests -->
