<?xml version="1.0" encoding="UTF-8"?>
<!-- Generated by org.testng.reporters.JUnitXMLReporter -->
<testsuite ignored="1" hostname="LAPTOP-5690O3K1" failures="0" tests="1" name="Default test" time="36.109" errors="0" timestamp="2025-06-22T09:04:22 IST">
  <testcase classname="com.proenx.rdep.orderservice.Sales_Report_TestCases" name="SalesReportvaliddata" time="18.218"/>
  <testcase classname="com.proenx.rdep.orderservice.Sales_Report_TestCases" name="SalesReportvaliddata2" time="0.0">
    <ignored/>
  </testcase> <!-- SalesReportvaliddata2 -->
</testsuite> <!-- Default test -->
