<?xml version="1.0" encoding="UTF-8"?>
<!-- Generated by org.testng.reporters.JUnitXMLReporter -->
<testsuite ignored="1" hostname="LAPTOP-5690O3K1" failures="0" tests="1" name="Default test" time="27.913" errors="0" timestamp="2024-12-20T21:38:21 IST">
  <testcase classname="com.proenx.rdep.promotion.listner.Create_CombinationPool_Coupon_Based" name="create_promotion2" time="4.429"/>
  <testcase classname="com.proenx.rdep.promotion.listner.Create_CombinationPool_Coupon_Based" name="create_promotion" time="0.0">
    <ignored/>
  </testcase> <!-- create_promotion -->
</testsuite> <!-- Default test -->
