<?xml version="1.0" encoding="UTF-8"?>
<!-- Generated by org.testng.reporters.JUnitXMLReporter -->
<testsuite ignored="8" hostname="LAPTOP-5690O3K1" failures="1" tests="5" name="Test" time="154.669" errors="0" timestamp="2024-10-14T11:30:43 IST">
  <testcase classname="com.proenx.rdep.myproject.pos.Promo_Test_Case_Combination_Pool" name="@BeforeClass getTestCaseName" time="0.0">
    <skipped/>
  </testcase> <!-- @BeforeClass getTestCaseName -->
  <testcase classname="com.proenx.rdep.myproject.TestBase" name="@BeforeMethod launchBrowser" time="0.0">
    <skipped/>
  </testcase> <!-- @BeforeMethod launchBrowser -->
  <testcase classname="com.proenx.rdep.myproject.pos.Package_Quantity_Test_Cases" name="@BeforeClass getTestCaseName" time="0.002">
    <skipped/>
  </testcase> <!-- @BeforeClass getTestCaseName -->
  <testcase classname="com.proenx.rdep.myproject.TestBase" name="@BeforeMethod launchBrowser" time="0.0">
    <skipped/>
  </testcase> <!-- @BeforeMethod launchBrowser -->
  <testcase classname="com.proenx.rdep.myproject.pos.PromotionTestCase1" name="promotionTC1" time="14.182">
    <failure type="org.openqa.selenium.TimeoutException" message="Expected condition failed: waiting for element to no longer be visible: By.className: spinner-wrapper (tried for 5 second(s) with 500 milliseconds interval)
Build info: version: &amp;apos;4.23.1&amp;apos;, revision: &amp;apos;656257d8e9&amp;apos;
System info: os.name: &amp;apos;Windows 11&amp;apos;, os.arch: &amp;apos;amd64&amp;apos;, os.version: &amp;apos;10.0&amp;apos;, java.version: &amp;apos;22.0.1&amp;apos;
Driver info: org.openqa.selenium.edge.EdgeDriver
Capabilities {acceptInsecureCerts: false, browserName: MicrosoftEdge, browserVersion: 129.0.2792.79, fedcm:accounts: true, ms:edgeOptions: {debuggerAddress: localhost:65310}, msedge: {msedgedriverVersion: 129.0.2792.89 (65986ec8d2a8..., userDataDir: C:\Users\sunil\AppData\Loca...}, networkConnectionEnabled: false, pageLoadStrategy: normal, platformName: windows, proxy: Proxy(), se:cdp: ws://localhost:65310/devtoo..., se:cdpVersion: 129.0.2792.79, setWindowRect: true, strictFileInteractability: false, timeouts: {implicit: 0, pageLoad: 300000, script: 30000}, unhandledPromptBehavior: dismiss and notify, webauthn:extension:credBlob: true, webauthn:extension:largeBlob: true, webauthn:extension:minPinLength: true, webauthn:extension:prf: true, webauthn:virtualAuthenticators: true}
Session ID: a1b7009a8f4a6ed290bae586e4bc01a7">
      <![CDATA[org.openqa.selenium.TimeoutException: Expected condition failed: waiting for element to no longer be visible: By.className: spinner-wrapper (tried for 5 second(s) with 500 milliseconds interval)
Build info: version: '4.23.1', revision: '656257d8e9'
System info: os.name: 'Windows 11', os.arch: 'amd64', os.version: '10.0', java.version: '22.0.1'
Driver info: org.openqa.selenium.edge.EdgeDriver
Capabilities {acceptInsecureCerts: false, browserName: MicrosoftEdge, browserVersion: 129.0.2792.79, fedcm:accounts: true, ms:edgeOptions: {debuggerAddress: localhost:65310}, msedge: {msedgedriverVersion: 129.0.2792.89 (65986ec8d2a8..., userDataDir: C:\Users\sunil\AppData\Loca...}, networkConnectionEnabled: false, pageLoadStrategy: normal, platformName: windows, proxy: Proxy(), se:cdp: ws://localhost:65310/devtoo..., se:cdpVersion: 129.0.2792.79, setWindowRect: true, strictFileInteractability: false, timeouts: {implicit: 0, pageLoad: 300000, script: 30000}, unhandledPromptBehavior: dismiss and notify, webauthn:extension:credBlob: true, webauthn:extension:largeBlob: true, webauthn:extension:minPinLength: true, webauthn:extension:prf: true, webauthn:virtualAuthenticators: true}
Session ID: a1b7009a8f4a6ed290bae586e4bc01a7
at org.openqa.selenium.support.ui.WebDriverWait.timeoutException(WebDriverWait.java:84)
at org.openqa.selenium.support.ui.FluentWait.until(FluentWait.java:228)
at pages.MasterPromotion_Pages.clickOnDownload_Filter(MasterPromotion_Pages.java:72)
at com.proenx.rdep.myproject.pos.PromotionTestCase1.promotionTC1(PromotionTestCase1.java:31)
at java.base/java.util.ArrayList.forEach(ArrayList.java:1597)
... Removed 25 stack frames]]>
    </failure>
  </testcase> <!-- promotionTC1 -->
  <testcase classname="com.proenx.rdep.myproject.pos.TestPractice2" name="SalesReportvaliddata" time="20.459"/>
  <testcase classname="com.proenx.rdep.myproject.pos.Create_SimpleLine_Promo_System" name="create_promotion" time="47.608"/>
  <testcase classname="com.proenx.rdep.myproject.pos.Promo_Test_Case_Combination_Pool" name="create_promotion" time="0.0">
    <skipped/>
  </testcase> <!-- create_promotion -->
  <testcase classname="com.proenx.rdep.myproject.pos.Package_Quantity_Test_Cases" name="create_promotion" time="0.0">
    <skipped/>
  </testcase> <!-- create_promotion -->
  <testcase classname="com.proenx.rdep.myproject.TestBase" name="@BeforeSuite loadPropfile" time="0.0">
    <ignored/>
  </testcase> <!-- @BeforeSuite loadPropfile -->
  <testcase classname="com.proenx.rdep.myproject.TestBase" name="@AfterSuite generateReport" time="0.0">
    <ignored/>
  </testcase> <!-- @AfterSuite generateReport -->
  <testcase classname="com.proenx.rdep.myproject.TestBase" name="@AfterSuite generateReport" time="0.0">
    <ignored/>
  </testcase> <!-- @AfterSuite generateReport -->
  <testcase classname="com.proenx.rdep.myproject.TestBase" name="@AfterSuite generateReport" time="0.0">
    <ignored/>
  </testcase> <!-- @AfterSuite generateReport -->
  <testcase classname="com.proenx.rdep.myproject.TestBase" name="@BeforeSuite loadPropfile" time="0.0">
    <ignored/>
  </testcase> <!-- @BeforeSuite loadPropfile -->
  <testcase classname="com.proenx.rdep.myproject.TestBase" name="@BeforeSuite loadPropfile" time="0.0">
    <ignored/>
  </testcase> <!-- @BeforeSuite loadPropfile -->
  <testcase classname="com.proenx.rdep.myproject.TestBase" name="@BeforeSuite loadPropfile" time="0.0">
    <ignored/>
  </testcase> <!-- @BeforeSuite loadPropfile -->
  <testcase classname="com.proenx.rdep.myproject.TestBase" name="@AfterSuite generateReport" time="0.0">
    <ignored/>
  </testcase> <!-- @AfterSuite generateReport -->
</testsuite> <!-- Test -->
