<?xml version="1.0" encoding="UTF-8"?>
<!-- Generated by org.testng.reporters.JUnitXMLReporter -->
<testsuite ignored="15" hostname="LAPTOP-5690O3K1" failures="0" tests="3" name="Test" time="186.835" errors="0" timestamp="2025-04-11T11:32:26 IST">
  <testcase classname="com.proenx.rdep.orderservice.Delivery_Report_Test_Case" name="@BeforeClass getTestCaseName" time="0.002">
    <skipped/>
  </testcase> <!-- @BeforeClass getTestCaseName -->
  <testcase classname="com.proenx.rdep.myproject.TestBase" name="@BeforeMethod launchBrowser" time="0.0">
    <skipped/>
  </testcase> <!-- @BeforeMethod launchBrowser -->
  <testcase classname="com.proenx.rdep.orderservice.Discount_Report_TestCases" name="@BeforeClass getTestCaseName" time="0.001">
    <skipped/>
  </testcase> <!-- @BeforeClass getTestCaseName -->
  <testcase classname="com.proenx.rdep.orderservice.Media_Report_TestCases" name="@BeforeClass getTestCaseName" time="0.001">
    <skipped/>
  </testcase> <!-- @BeforeClass getTestCaseName -->
  <testcase classname="com.proenx.rdep.orderservice.Payment_Media_Report_TestCases" name="@BeforeClass getTestCaseName" time="0.002">
    <skipped/>
  </testcase> <!-- @BeforeClass getTestCaseName -->
  <testcase classname="com.proenx.rdep.orderservice.Product_Summary_Report_TestCases" name="@BeforeClass getTestCaseName" time="0.001">
    <skipped/>
  </testcase> <!-- @BeforeClass getTestCaseName -->
  <testcase classname="com.proenx.rdep.orderservice.Void_Transaction_Report_TestCases" name="@BeforeClass getTestCaseName" time="0.001">
    <skipped/>
  </testcase> <!-- @BeforeClass getTestCaseName -->
  <testcase classname="com.proenx.rdep.orderservice.Article_Report_TestCases" name="SalesReportvaliddata" time="109.225"/>
  <testcase classname="com.proenx.rdep.orderservice.Sales_Report_TestCases" name="SalesReportvaliddata" time="52.362"/>
  <testcase classname="com.proenx.rdep.orderservice.Delivery_Report_Test_Case" name="SalesReportvaliddata" time="0.0">
    <skipped/>
  </testcase> <!-- SalesReportvaliddata -->
  <testcase classname="com.proenx.rdep.myproject.TestBase" name="@BeforeSuite loadPropfile" time="0.0">
    <ignored/>
  </testcase> <!-- @BeforeSuite loadPropfile -->
  <testcase classname="com.proenx.rdep.myproject.TestBase" name="@BeforeSuite loadPropfile" time="0.0">
    <ignored/>
  </testcase> <!-- @BeforeSuite loadPropfile -->
  <testcase classname="com.proenx.rdep.myproject.TestBase" name="@AfterSuite generateReport" time="0.0">
    <ignored/>
  </testcase> <!-- @AfterSuite generateReport -->
  <testcase classname="com.proenx.rdep.myproject.TestBase" name="@BeforeSuite loadPropfile" time="0.0">
    <ignored/>
  </testcase> <!-- @BeforeSuite loadPropfile -->
  <testcase classname="com.proenx.rdep.myproject.TestBase" name="@BeforeSuite loadPropfile" time="0.0">
    <ignored/>
  </testcase> <!-- @BeforeSuite loadPropfile -->
  <testcase classname="com.proenx.rdep.myproject.TestBase" name="@AfterSuite generateReport" time="0.0">
    <ignored/>
  </testcase> <!-- @AfterSuite generateReport -->
  <testcase classname="com.proenx.rdep.myproject.TestBase" name="@AfterSuite generateReport" time="0.0">
    <ignored/>
  </testcase> <!-- @AfterSuite generateReport -->
  <testcase classname="com.proenx.rdep.myproject.TestBase" name="@AfterSuite generateReport" time="0.0">
    <ignored/>
  </testcase> <!-- @AfterSuite generateReport -->
  <testcase classname="com.proenx.rdep.myproject.TestBase" name="@BeforeSuite loadPropfile" time="0.0">
    <ignored/>
  </testcase> <!-- @BeforeSuite loadPropfile -->
  <testcase classname="com.proenx.rdep.myproject.TestBase" name="@AfterSuite generateReport" time="0.0">
    <ignored/>
  </testcase> <!-- @AfterSuite generateReport -->
  <testcase classname="com.proenx.rdep.myproject.TestBase" name="@AfterSuite generateReport" time="0.0">
    <ignored/>
  </testcase> <!-- @AfterSuite generateReport -->
  <testcase classname="com.proenx.rdep.myproject.TestBase" name="@AfterSuite generateReport" time="0.0">
    <ignored/>
  </testcase> <!-- @AfterSuite generateReport -->
  <testcase classname="com.proenx.rdep.orderservice.Sales_Report_TestCases" name="SalesReportvaliddata2" time="0.0">
    <ignored/>
  </testcase> <!-- SalesReportvaliddata2 -->
  <testcase classname="com.proenx.rdep.myproject.TestBase" name="@BeforeSuite loadPropfile" time="0.0">
    <ignored/>
  </testcase> <!-- @BeforeSuite loadPropfile -->
  <testcase classname="com.proenx.rdep.myproject.TestBase" name="@BeforeSuite loadPropfile" time="0.0">
    <ignored/>
  </testcase> <!-- @BeforeSuite loadPropfile -->
</testsuite> <!-- Test -->
