<?xml version="1.0" encoding="UTF-8"?>
<!-- Generated by org.testng.reporters.JUnitXMLReporter -->
<testsuite ignored="26" hostname="LAPTOP-5690O3K1" failures="0" tests="16" name="Test" time="80.5" errors="0" timestamp="2025-02-02T07:25:34 IST">
  <testcase classname="com.proenx.rdep.promotion.listner.MasterPromotion_TestCases" name="@BeforeClass getTestCaseName" time="0.003">
    <failure type="java.lang.NullPointerException" message="Cannot invoke &amp;quot;String.equalsIgnoreCase(String)&amp;quot; because the return value of &amp;quot;java.util.Hashtable.get(Object)&amp;quot; is null">
      <![CDATA[java.lang.NullPointerException: Cannot invoke "String.equalsIgnoreCase(String)" because the return value of "java.util.Hashtable.get(Object)" is null
at com.proenx.rdep.promotion.listner.MasterPromotion_TestCases.getTestCaseName(MasterPromotion_TestCases.java:20)
at java.base/java.util.ArrayList.forEach(ArrayList.java:1597)
... Removed 27 stack frames]]>
    </failure>
  </testcase> <!-- @BeforeClass getTestCaseName -->
  <testcase classname="com.proenx.rdep.myproject.TestBase" name="@BeforeMethod launchBrowser" time="0.0">
    <skipped/>
  </testcase> <!-- @BeforeMethod launchBrowser -->
  <testcase classname="com.proenx.rdep.myproject.TestBase" name="@BeforeMethod launchBrowser" time="0.0">
    <skipped/>
  </testcase> <!-- @BeforeMethod launchBrowser -->
  <testcase classname="com.proenx.rdep.promotion.listner.Create_Simple_Total_System_Based" name="@BeforeClass getTestCaseName" time="0.001">
    <failure type="java.lang.NullPointerException" message="Cannot invoke &amp;quot;String.equalsIgnoreCase(String)&amp;quot; because the return value of &amp;quot;java.util.Hashtable.get(Object)&amp;quot; is null">
      <![CDATA[java.lang.NullPointerException: Cannot invoke "String.equalsIgnoreCase(String)" because the return value of "java.util.Hashtable.get(Object)" is null
at com.proenx.rdep.promotion.listner.Create_Simple_Total_System_Based.getTestCaseName(Create_Simple_Total_System_Based.java:20)
at java.base/java.util.ArrayList.forEach(ArrayList.java:1597)
... Removed 27 stack frames]]>
    </failure>
  </testcase> <!-- @BeforeClass getTestCaseName -->
  <testcase classname="com.proenx.rdep.myproject.TestBase" name="@BeforeMethod launchBrowser" time="0.0">
    <skipped/>
  </testcase> <!-- @BeforeMethod launchBrowser -->
  <testcase classname="com.proenx.rdep.promotion.listner.Create_Simple_Total_Coupon_Based" name="@BeforeClass getTestCaseName" time="0.001">
    <failure type="java.lang.NullPointerException" message="Cannot invoke &amp;quot;String.equalsIgnoreCase(String)&amp;quot; because the return value of &amp;quot;java.util.Hashtable.get(Object)&amp;quot; is null">
      <![CDATA[java.lang.NullPointerException: Cannot invoke "String.equalsIgnoreCase(String)" because the return value of "java.util.Hashtable.get(Object)" is null
at com.proenx.rdep.promotion.listner.Create_Simple_Total_Coupon_Based.getTestCaseName(Create_Simple_Total_Coupon_Based.java:20)
at java.base/java.util.ArrayList.forEach(ArrayList.java:1597)
... Removed 27 stack frames]]>
    </failure>
  </testcase> <!-- @BeforeClass getTestCaseName -->
  <testcase classname="com.proenx.rdep.myproject.TestBase" name="@BeforeMethod launchBrowser" time="0.0">
    <skipped/>
  </testcase> <!-- @BeforeMethod launchBrowser -->
  <testcase classname="com.proenx.rdep.promotion.listner.Create_Package_Quantity_Coupon_Based" name="@BeforeClass getTestCaseName" time="0.002">
    <failure type="java.lang.NullPointerException" message="Cannot invoke &amp;quot;String.equalsIgnoreCase(String)&amp;quot; because the return value of &amp;quot;java.util.Hashtable.get(Object)&amp;quot; is null">
      <![CDATA[java.lang.NullPointerException: Cannot invoke "String.equalsIgnoreCase(String)" because the return value of "java.util.Hashtable.get(Object)" is null
at com.proenx.rdep.promotion.listner.Create_Package_Quantity_Coupon_Based.getTestCaseName(Create_Package_Quantity_Coupon_Based.java:20)
at java.base/java.util.ArrayList.forEach(ArrayList.java:1597)
... Removed 27 stack frames]]>
    </failure>
  </testcase> <!-- @BeforeClass getTestCaseName -->
  <testcase classname="com.proenx.rdep.myproject.TestBase" name="@BeforeMethod launchBrowser" time="0.0">
    <skipped/>
  </testcase> <!-- @BeforeMethod launchBrowser -->
  <testcase classname="com.proenx.rdep.promotion.listner.Create_Package_Quantity_System_Based" name="@BeforeClass getTestCaseName" time="0.001">
    <failure type="java.lang.NullPointerException" message="Cannot invoke &amp;quot;String.equalsIgnoreCase(String)&amp;quot; because the return value of &amp;quot;java.util.Hashtable.get(Object)&amp;quot; is null">
      <![CDATA[java.lang.NullPointerException: Cannot invoke "String.equalsIgnoreCase(String)" because the return value of "java.util.Hashtable.get(Object)" is null
at com.proenx.rdep.promotion.listner.Create_Package_Quantity_System_Based.getTestCaseName(Create_Package_Quantity_System_Based.java:20)
at java.base/java.util.ArrayList.forEach(ArrayList.java:1597)
... Removed 27 stack frames]]>
    </failure>
  </testcase> <!-- @BeforeClass getTestCaseName -->
  <testcase classname="com.proenx.rdep.myproject.TestBase" name="@BeforeMethod launchBrowser" time="0.0">
    <skipped/>
  </testcase> <!-- @BeforeMethod launchBrowser -->
  <testcase classname="com.proenx.rdep.promotion.listner.Create_CombinationPool_Coupon_Based" name="@BeforeClass getTestCaseName" time="0.002">
    <failure type="java.lang.NullPointerException" message="Cannot invoke &amp;quot;String.equalsIgnoreCase(String)&amp;quot; because the return value of &amp;quot;java.util.Hashtable.get(Object)&amp;quot; is null">
      <![CDATA[java.lang.NullPointerException: Cannot invoke "String.equalsIgnoreCase(String)" because the return value of "java.util.Hashtable.get(Object)" is null
at com.proenx.rdep.promotion.listner.Create_CombinationPool_Coupon_Based.getTestCaseName(Create_CombinationPool_Coupon_Based.java:21)
at java.base/java.util.ArrayList.forEach(ArrayList.java:1597)
... Removed 27 stack frames]]>
    </failure>
  </testcase> <!-- @BeforeClass getTestCaseName -->
  <testcase classname="com.proenx.rdep.myproject.TestBase" name="@BeforeMethod launchBrowser" time="0.0">
    <skipped/>
  </testcase> <!-- @BeforeMethod launchBrowser -->
  <testcase classname="com.proenx.rdep.promotion.listner.Create_CombinationPool_System_Based" name="@BeforeClass getTestCaseName" time="0.0">
    <failure type="java.lang.NullPointerException" message="Cannot invoke &amp;quot;String.equalsIgnoreCase(String)&amp;quot; because the return value of &amp;quot;java.util.Hashtable.get(Object)&amp;quot; is null">
      <![CDATA[java.lang.NullPointerException: Cannot invoke "String.equalsIgnoreCase(String)" because the return value of "java.util.Hashtable.get(Object)" is null
at com.proenx.rdep.promotion.listner.Create_CombinationPool_System_Based.getTestCaseName(Create_CombinationPool_System_Based.java:20)
at java.base/java.util.ArrayList.forEach(ArrayList.java:1597)
... Removed 27 stack frames]]>
    </failure>
  </testcase> <!-- @BeforeClass getTestCaseName -->
  <testcase classname="com.proenx.rdep.myproject.TestBase" name="@BeforeMethod launchBrowser" time="0.0">
    <skipped/>
  </testcase> <!-- @BeforeMethod launchBrowser -->
  <testcase classname="com.proenx.rdep.promotion.listner.Create_SimpleLine_Promo_Coupon_Based" name="@BeforeClass getTestCaseName" time="0.003">
    <failure type="java.lang.NullPointerException" message="Cannot invoke &amp;quot;String.equalsIgnoreCase(String)&amp;quot; because the return value of &amp;quot;java.util.Hashtable.get(Object)&amp;quot; is null">
      <![CDATA[java.lang.NullPointerException: Cannot invoke "String.equalsIgnoreCase(String)" because the return value of "java.util.Hashtable.get(Object)" is null
at com.proenx.rdep.promotion.listner.Create_SimpleLine_Promo_Coupon_Based.getTestCaseName(Create_SimpleLine_Promo_Coupon_Based.java:20)
at java.base/java.util.ArrayList.forEach(ArrayList.java:1597)
... Removed 27 stack frames]]>
    </failure>
  </testcase> <!-- @BeforeClass getTestCaseName -->
  <testcase classname="com.proenx.rdep.myproject.TestBase" name="@BeforeMethod launchBrowser" time="0.0">
    <skipped/>
  </testcase> <!-- @BeforeMethod launchBrowser -->
  <testcase classname="com.proenx.rdep.promotion.listner.Create_Simple_Total_Reward_System_Based" name="@BeforeClass getTestCaseName" time="0.001">
    <failure type="java.lang.NullPointerException" message="Cannot invoke &amp;quot;String.equalsIgnoreCase(String)&amp;quot; because the return value of &amp;quot;java.util.Hashtable.get(Object)&amp;quot; is null">
      <![CDATA[java.lang.NullPointerException: Cannot invoke "String.equalsIgnoreCase(String)" because the return value of "java.util.Hashtable.get(Object)" is null
at com.proenx.rdep.promotion.listner.Create_Simple_Total_Reward_System_Based.getTestCaseName(Create_Simple_Total_Reward_System_Based.java:20)
at java.base/java.util.ArrayList.forEach(ArrayList.java:1597)
... Removed 27 stack frames]]>
    </failure>
  </testcase> <!-- @BeforeClass getTestCaseName -->
  <testcase classname="com.proenx.rdep.myproject.TestBase" name="@BeforeMethod launchBrowser" time="0.0">
    <skipped/>
  </testcase> <!-- @BeforeMethod launchBrowser -->
  <testcase classname="com.proenx.rdep.promotion.listner.Create_SimpleLine_Promo_System" name="@BeforeClass getTestCaseName" time="0.001">
    <failure type="java.lang.NullPointerException" message="Cannot invoke &amp;quot;String.equalsIgnoreCase(String)&amp;quot; because the return value of &amp;quot;java.util.Hashtable.get(Object)&amp;quot; is null">
      <![CDATA[java.lang.NullPointerException: Cannot invoke "String.equalsIgnoreCase(String)" because the return value of "java.util.Hashtable.get(Object)" is null
at com.proenx.rdep.promotion.listner.Create_SimpleLine_Promo_System.getTestCaseName(Create_SimpleLine_Promo_System.java:20)
at java.base/java.util.ArrayList.forEach(ArrayList.java:1597)
... Removed 27 stack frames]]>
    </failure>
  </testcase> <!-- @BeforeClass getTestCaseName -->
  <testcase classname="com.proenx.rdep.myproject.TestBase" name="@BeforeMethod launchBrowser" time="0.0">
    <skipped/>
  </testcase> <!-- @BeforeMethod launchBrowser -->
  <testcase classname="com.proenx.rdep.inventory.Stock_Request_Inward" name="@BeforeClass getTestCaseName" time="0.002">
    <failure type="java.lang.NullPointerException" message="Cannot invoke &amp;quot;String.equalsIgnoreCase(String)&amp;quot; because the return value of &amp;quot;java.util.Hashtable.get(Object)&amp;quot; is null">
      <![CDATA[java.lang.NullPointerException: Cannot invoke "String.equalsIgnoreCase(String)" because the return value of "java.util.Hashtable.get(Object)" is null
at com.proenx.rdep.inventory.Stock_Request_Inward.getTestCaseName(Stock_Request_Inward.java:20)
at java.base/java.util.ArrayList.forEach(ArrayList.java:1597)
... Removed 27 stack frames]]>
    </failure>
  </testcase> <!-- @BeforeClass getTestCaseName -->
  <testcase classname="com.proenx.rdep.myproject.TestBase" name="@BeforeMethod launchBrowser" time="0.0">
    <skipped/>
  </testcase> <!-- @BeforeMethod launchBrowser -->
  <testcase classname="com.proenx.rdep.myproject.TestBase" name="@BeforeMethod launchBrowser" time="0.0">
    <skipped/>
  </testcase> <!-- @BeforeMethod launchBrowser -->
  <testcase classname="com.proenx.rdep.inventory.Stock_Request_Outward_TestCase" name="@BeforeClass getTestCaseName" time="0.001">
    <failure type="java.lang.NullPointerException" message="Cannot invoke &amp;quot;String.equalsIgnoreCase(String)&amp;quot; because the return value of &amp;quot;java.util.Hashtable.get(Object)&amp;quot; is null">
      <![CDATA[java.lang.NullPointerException: Cannot invoke "String.equalsIgnoreCase(String)" because the return value of "java.util.Hashtable.get(Object)" is null
at com.proenx.rdep.inventory.Stock_Request_Outward_TestCase.getTestCaseName(Stock_Request_Outward_TestCase.java:21)
at java.base/java.util.ArrayList.forEach(ArrayList.java:1597)
... Removed 27 stack frames]]>
    </failure>
  </testcase> <!-- @BeforeClass getTestCaseName -->
  <testcase classname="com.proenx.rdep.myproject.TestBase" name="@BeforeMethod launchBrowser" time="0.0">
    <skipped/>
  </testcase> <!-- @BeforeMethod launchBrowser -->
  <testcase classname="com.proenx.rdep.myproject.TestBase" name="@BeforeMethod launchBrowser" time="0.0">
    <skipped/>
  </testcase> <!-- @BeforeMethod launchBrowser -->
  <testcase classname="com.proenx.rdep.inventory.Inventory_TestCases" name="@BeforeClass getTestCaseName" time="0.001">
    <failure type="java.lang.NullPointerException" message="Cannot invoke &amp;quot;String.equalsIgnoreCase(String)&amp;quot; because the return value of &amp;quot;java.util.Hashtable.get(Object)&amp;quot; is null">
      <![CDATA[java.lang.NullPointerException: Cannot invoke "String.equalsIgnoreCase(String)" because the return value of "java.util.Hashtable.get(Object)" is null
at com.proenx.rdep.inventory.Inventory_TestCases.getTestCaseName(Inventory_TestCases.java:19)
at java.base/java.util.ArrayList.forEach(ArrayList.java:1597)
... Removed 27 stack frames]]>
    </failure>
  </testcase> <!-- @BeforeClass getTestCaseName -->
  <testcase classname="com.proenx.rdep.myproject.TestBase" name="@BeforeMethod launchBrowser" time="0.0">
    <skipped/>
  </testcase> <!-- @BeforeMethod launchBrowser -->
  <testcase classname="com.proenx.rdep.promotion.listner.MasterPromotion_TestCases" name="create_promotion" time="0.001">
    <skipped/>
  </testcase> <!-- create_promotion -->
  <testcase classname="com.proenx.rdep.promotion.listner.MasterPromotion_TestCases" name="create_promotion2" time="0.0">
    <skipped/>
  </testcase> <!-- create_promotion2 -->
  <testcase classname="com.proenx.rdep.promotion.listner.Create_Simple_Total_System_Based" name="create_promotion" time="0.0">
    <skipped/>
  </testcase> <!-- create_promotion -->
  <testcase classname="com.proenx.rdep.promotion.listner.Create_Simple_Total_Coupon_Based" name="create_promotion" time="0.001">
    <skipped/>
  </testcase> <!-- create_promotion -->
  <testcase classname="com.proenx.rdep.promotion.listner.Create_Package_Quantity_Coupon_Based" name="create_promotion" time="0.0">
    <skipped/>
  </testcase> <!-- create_promotion -->
  <testcase classname="com.proenx.rdep.promotion.listner.Create_Package_Quantity_System_Based" name="create_promotion" time="0.0">
    <skipped/>
  </testcase> <!-- create_promotion -->
  <testcase classname="com.proenx.rdep.promotion.listner.Create_CombinationPool_Coupon_Based" name="create_promotion" time="0.0">
    <skipped/>
  </testcase> <!-- create_promotion -->
  <testcase classname="com.proenx.rdep.promotion.listner.Create_CombinationPool_System_Based" name="create_promotion" time="0.0">
    <skipped/>
  </testcase> <!-- create_promotion -->
  <testcase classname="com.proenx.rdep.promotion.listner.Create_SimpleLine_Promo_Coupon_Based" name="create_promotion" time="0.0">
    <skipped/>
  </testcase> <!-- create_promotion -->
  <testcase classname="com.proenx.rdep.promotion.listner.Create_Simple_Total_Reward_System_Based" name="create_promotion" time="0.0">
    <skipped/>
  </testcase> <!-- create_promotion -->
  <testcase classname="com.proenx.rdep.promotion.listner.Create_SimpleLine_Promo_System" name="create_promotion" time="0.0">
    <skipped/>
  </testcase> <!-- create_promotion -->
  <testcase classname="com.proenx.rdep.inventory.Stock_Request_Inward" name="Inventory_List1" time="0.0">
    <skipped/>
  </testcase> <!-- Inventory_List1 -->
  <testcase classname="com.proenx.rdep.inventory.Stock_Request_Inward" name="Inventory_List2" time="0.0">
    <skipped/>
  </testcase> <!-- Inventory_List2 -->
  <testcase classname="com.proenx.rdep.inventory.Stock_Request_Outward_TestCase" name="Inventory_List1" time="0.0">
    <skipped/>
  </testcase> <!-- Inventory_List1 -->
  <testcase classname="com.proenx.rdep.inventory.Stock_Request_Outward_TestCase" name="Inventory_List2" time="0.0">
    <skipped/>
  </testcase> <!-- Inventory_List2 -->
  <testcase classname="com.proenx.rdep.inventory.Inventory_TestCases" name="Inventory_List1" time="0.0">
    <skipped/>
  </testcase> <!-- Inventory_List1 -->
  <testcase classname="com.proenx.rdep.myproject.TestBase" name="@BeforeSuite loadPropfile" time="0.0">
    <ignored/>
  </testcase> <!-- @BeforeSuite loadPropfile -->
  <testcase classname="com.proenx.rdep.myproject.TestBase" name="@BeforeSuite loadPropfile" time="0.0">
    <ignored/>
  </testcase> <!-- @BeforeSuite loadPropfile -->
  <testcase classname="com.proenx.rdep.myproject.TestBase" name="@AfterSuite generateReport" time="0.0">
    <ignored/>
  </testcase> <!-- @AfterSuite generateReport -->
  <testcase classname="com.proenx.rdep.myproject.TestBase" name="@BeforeSuite loadPropfile" time="0.0">
    <ignored/>
  </testcase> <!-- @BeforeSuite loadPropfile -->
  <testcase classname="com.proenx.rdep.myproject.TestBase" name="@AfterSuite generateReport" time="0.0">
    <ignored/>
  </testcase> <!-- @AfterSuite generateReport -->
  <testcase classname="com.proenx.rdep.myproject.TestBase" name="@BeforeSuite loadPropfile" time="0.0">
    <ignored/>
  </testcase> <!-- @BeforeSuite loadPropfile -->
  <testcase classname="com.proenx.rdep.myproject.TestBase" name="@BeforeSuite loadPropfile" time="0.0">
    <ignored/>
  </testcase> <!-- @BeforeSuite loadPropfile -->
  <testcase classname="com.proenx.rdep.myproject.TestBase" name="@AfterSuite generateReport" time="0.0">
    <ignored/>
  </testcase> <!-- @AfterSuite generateReport -->
  <testcase classname="com.proenx.rdep.inventory.Inventory_TestCases" name="Inventory_List2" time="0.0">
    <ignored/>
  </testcase> <!-- Inventory_List2 -->
  <testcase classname="com.proenx.rdep.myproject.TestBase" name="@BeforeSuite loadPropfile" time="0.0">
    <ignored/>
  </testcase> <!-- @BeforeSuite loadPropfile -->
  <testcase classname="com.proenx.rdep.myproject.TestBase" name="@BeforeSuite loadPropfile" time="0.0">
    <ignored/>
  </testcase> <!-- @BeforeSuite loadPropfile -->
  <testcase classname="com.proenx.rdep.myproject.TestBase" name="@AfterSuite generateReport" time="0.0">
    <ignored/>
  </testcase> <!-- @AfterSuite generateReport -->
  <testcase classname="com.proenx.rdep.myproject.TestBase" name="@AfterSuite generateReport" time="0.0">
    <ignored/>
  </testcase> <!-- @AfterSuite generateReport -->
  <testcase classname="com.proenx.rdep.myproject.TestBase" name="@BeforeSuite loadPropfile" time="0.0">
    <ignored/>
  </testcase> <!-- @BeforeSuite loadPropfile -->
  <testcase classname="com.proenx.rdep.myproject.TestBase" name="@AfterSuite generateReport" time="0.0">
    <ignored/>
  </testcase> <!-- @AfterSuite generateReport -->
  <testcase classname="com.proenx.rdep.myproject.TestBase" name="@BeforeSuite loadPropfile" time="0.0">
    <ignored/>
  </testcase> <!-- @BeforeSuite loadPropfile -->
  <testcase classname="com.proenx.rdep.inventory.Inventory_TestCases" name="Inventory_List3" time="0.0">
    <ignored/>
  </testcase> <!-- Inventory_List3 -->
  <testcase classname="com.proenx.rdep.myproject.TestBase" name="@AfterSuite generateReport" time="0.0">
    <ignored/>
  </testcase> <!-- @AfterSuite generateReport -->
  <testcase classname="com.proenx.rdep.myproject.TestBase" name="@AfterSuite generateReport" time="0.0">
    <ignored/>
  </testcase> <!-- @AfterSuite generateReport -->
  <testcase classname="com.proenx.rdep.myproject.TestBase" name="@AfterSuite generateReport" time="0.0">
    <ignored/>
  </testcase> <!-- @AfterSuite generateReport -->
  <testcase classname="com.proenx.rdep.myproject.TestBase" name="@BeforeSuite loadPropfile" time="0.0">
    <ignored/>
  </testcase> <!-- @BeforeSuite loadPropfile -->
  <testcase classname="com.proenx.rdep.myproject.TestBase" name="@BeforeSuite loadPropfile" time="0.0">
    <ignored/>
  </testcase> <!-- @BeforeSuite loadPropfile -->
  <testcase classname="com.proenx.rdep.myproject.TestBase" name="@BeforeSuite loadPropfile" time="0.0">
    <ignored/>
  </testcase> <!-- @BeforeSuite loadPropfile -->
  <testcase classname="com.proenx.rdep.myproject.TestBase" name="@AfterSuite generateReport" time="0.0">
    <ignored/>
  </testcase> <!-- @AfterSuite generateReport -->
  <testcase classname="com.proenx.rdep.myproject.TestBase" name="@AfterSuite generateReport" time="0.0">
    <ignored/>
  </testcase> <!-- @AfterSuite generateReport -->
  <testcase classname="com.proenx.rdep.myproject.TestBase" name="@AfterSuite generateReport" time="0.0">
    <ignored/>
  </testcase> <!-- @AfterSuite generateReport -->
</testsuite> <!-- Test -->
