<?xml version="1.0" encoding="UTF-8"?>
<testsuite xmlns:xsi="http://www.w3.org/2001/XMLSchema-instance" xsi:noNamespaceSchemaLocation="https://maven.apache.org/surefire/maven-surefire-plugin/xsd/surefire-test-report.xsd" version="3.0.2" name="TestSuite" time="78.494" tests="26" errors="0" skipped="19" failures="6">
  <properties>
[...]
</properties>
  <testcase name="getTestCaseName" classname="com.proenx.rdep.myproject.pos.PromotionTestCase1" time="0.0">
    <skipped message="Skipping Test  case as Run mode is set to no"/>
    <system-out><![CDATA[Reading Configue file 
configue file is loaded 
Reading PROP file 
PROP file is loaded 
Reading PROP file 
HasTable Run Mode :{PromotionTestCase1=N, TestPractice2=N, Create_SimpleLine_Promo_System=N, Package_Quantity_Test_Cases=N, Promo_Test_Case_Combination_Pool=N, Single_Product_TestCases=Y, Inventory_TestCases=N}
]]></system-out>
    <system-err><![CDATA[SLF4J: Failed to load class "org.slf4j.impl.StaticLoggerBinder".
SLF4J: Defaulting to no-operation (NOP) logger implementation
SLF4J: See http://www.slf4j.org/codes.html#StaticLoggerBinder for further details.
ERROR StatusLogger Log4j2 could not find a logging implementation. Please add log4j-core to the classpath. Using SimpleLogger to log to the console...
]]></system-err>
  </testcase>
  <testcase name="launchBrowser" classname="com.proenx.rdep.myproject.pos.PromotionTestCase1" time="0.0">
    <skipped/>
    <system-out><![CDATA[PromotionTestCase1 test case starts from row number :- 5
Total number of columns are:- 24
Total number of iterations/rows are :- 1
***************************************************

----{LoginPageText3=Forgot your password?, LoginPageText2=©2024 - All rights reserved by ProenX Pte Ltd., just check=sunil, LoginPageText1=v2.0.0, Password=ajskak, Promotion Details Error PopUp=Please Select Promotion Type, Promotion Type2=Combination Pool, Master Promotion End Date Format=2024-10-03 04:51 pm, Discount Value=10, Master Promotion Start Date Format=2024-02-10 04:51 pm, Promotion successful Message=Promotion configured successfully, Promotion Name=Flat 10% OFF, StoreName2=Test82 - 0292, Promotion Code=F10%, StoreName1=Rdep Meta Limited Pune - 1765, Active Status2=false, Description=Simple Line Promotion, Promotion Sub type1=Percentage, Active Status1=true, LoginPageText7=Log In, Coupon Field=T20WC, LoginPageText6=Sign In, LoginPageText5=Password, LoginPageText4=Username}
]]></system-out>
  </testcase>
  <testcase name="promotionTC1[{LoginPageText3=Forgot your password?, LoginPageText2=©2024 - All rights reserved by ProenX Pte Ltd., just check=sunil, LoginPageText1=v2.0.0, Password=ajskak, Promotion Details Error PopUp=Please Select Promotion Type, Promotion Type2=Combination Pool, Master Promotion End Date Format=2024-10-03 04:51 pm, Discount Value=10, Master Promotion Start Date Format=2024-02-10 04:51 pm, Promotion successful Message=Promotion configured successfully, Promotion Name=Flat 10% OFF, StoreName2=Test82 - 0292, Promotion Code=F10%, StoreName1=Rdep Meta Limited Pune - 1765, Active Status2=false, Description=Simple Line Promotion, Promotion Sub type1=Percentage, Active Status1=true, LoginPageText7=Log In, Coupon Field=T20WC, LoginPageText6=Sign In, LoginPageText5=Password, LoginPageText4=Username}](1)" classname="com.proenx.rdep.myproject.pos.PromotionTestCase1" time="0.0">
    <skipped message="Skipping Test  case as Run mode is set to no"/>
  </testcase>
  <testcase name="teardown" classname="com.proenx.rdep.myproject.pos.PromotionTestCase1" time="4.973">
    <failure message="Cannot invoke &quot;org.openqa.selenium.WebDriver.quit()&quot; because &quot;com.proenx.rdep.myproject.TestBase.driver&quot; is null" type="java.lang.NullPointerException"><![CDATA[java.lang.NullPointerException: Cannot invoke "org.openqa.selenium.WebDriver.quit()" because "com.proenx.rdep.myproject.TestBase.driver" is null
	at com.proenx.rdep.myproject.TestBase.teardown(TestBase.java:104)
	at java.base/jdk.internal.reflect.NativeMethodAccessorImpl.invoke0(Native Method)
	at java.base/jdk.internal.reflect.NativeMethodAccessorImpl.invoke(NativeMethodAccessorImpl.java:77)
	at java.base/jdk.internal.reflect.DelegatingMethodAccessorImpl.invoke(DelegatingMethodAccessorImpl.java:43)
	at java.base/java.lang.reflect.Method.invoke(Method.java:568)
	at org.testng.internal.invokers.MethodInvocationHelper.invokeMethod(MethodInvocationHelper.java:141)
	at org.testng.internal.invokers.MethodInvocationHelper.invokeMethodConsideringTimeout(MethodInvocationHelper.java:71)
	at org.testng.internal.invokers.ConfigInvoker.invokeConfigurationMethod(ConfigInvoker.java:400)
	at org.testng.internal.invokers.ConfigInvoker.invokeConfigurations(ConfigInvoker.java:333)
	at org.testng.internal.invokers.TestInvoker.runConfigMethods(TestInvoker.java:833)
	at org.testng.internal.invokers.TestInvoker.runAfterConfigurations(TestInvoker.java:802)
	at org.testng.internal.invokers.TestInvoker.invokeMethod(TestInvoker.java:622)
	at org.testng.internal.invokers.TestInvoker.invokeTestMethod(TestInvoker.java:230)
	at org.testng.internal.invokers.MethodRunner.runInSequence(MethodRunner.java:63)
	at org.testng.internal.invokers.TestInvoker$MethodInvocationAgent.invoke(TestInvoker.java:992)
	at org.testng.internal.invokers.TestInvoker.invokeTestMethods(TestInvoker.java:203)
	at org.testng.internal.invokers.TestMethodWorker.invokeTestMethods(TestMethodWorker.java:154)
	at org.testng.internal.invokers.TestMethodWorker.run(TestMethodWorker.java:134)
	at java.base/java.util.ArrayList.forEach(ArrayList.java:1511)
	at org.testng.TestRunner.privateRun(TestRunner.java:739)
	at org.testng.TestRunner.run(TestRunner.java:614)
	at org.testng.SuiteRunner.runTest(SuiteRunner.java:421)
	at org.testng.SuiteRunner.runSequentially(SuiteRunner.java:413)
	at org.testng.SuiteRunner.privateRun(SuiteRunner.java:373)
	at org.testng.SuiteRunner.run(SuiteRunner.java:312)
	at org.testng.SuiteRunnerWorker.runSuite(SuiteRunnerWorker.java:52)
	at org.testng.SuiteRunnerWorker.run(SuiteRunnerWorker.java:95)
	at org.testng.TestNG.runSuitesSequentially(TestNG.java:1274)
	at org.testng.TestNG.runSuitesLocally(TestNG.java:1208)
	at org.testng.TestNG.runSuites(TestNG.java:1112)
	at org.testng.TestNG.run(TestNG.java:1079)
	at org.apache.maven.surefire.testng.TestNGExecutor.run(TestNGExecutor.java:308)
	at org.apache.maven.surefire.testng.TestNGXmlTestSuite.execute(TestNGXmlTestSuite.java:71)
	at org.apache.maven.surefire.testng.TestNGProvider.invoke(TestNGProvider.java:113)
	at org.apache.maven.surefire.booter.ForkedBooter.runSuitesInProcess(ForkedBooter.java:385)
	at org.apache.maven.surefire.booter.ForkedBooter.execute(ForkedBooter.java:162)
	at org.apache.maven.surefire.booter.ForkedBooter.run(ForkedBooter.java:507)
	at org.apache.maven.surefire.booter.ForkedBooter.main(ForkedBooter.java:495)
]]></failure>
  </testcase>
  <testcase name="generateReport" classname="com.proenx.rdep.myproject.pos.PromotionTestCase1" time="0.0">
    <skipped/>
  </testcase>
  <testcase name="getTestCaseName" classname="com.proenx.rdep.myproject.pos.TestPractice2" time="0.0">
    <skipped message="Skipping Test  case as Run mode is set to no"/>
  </testcase>
  <testcase name="launchBrowser" classname="com.proenx.rdep.myproject.pos.TestPractice2" time="0.0">
    <skipped/>
    <system-out><![CDATA[TestPractice2 test case starts from row number :- 1
Total number of columns are:- 25
Total number of iterations/rows are :- 1
***************************************************

----{LoginPageText3=Forgot your password?, LoginPageText2=©2024 - All rights reserved by ProenX Pte Ltd., Sales Reprt Bill Id Hyperlink itemdetails=Aer KOW-MAR-R-0100 | White | 44, LoginPageText1=v2.0.0, Password=ajskak, Wrong Password=1234ad, Sales Report End Date Format=2024-09-27 04:51 pm, UserName=asgs, Table Data For Validation=10031110337, Carts Table Data For Validation=ajith.h@proenx.com, SourceName=MPOS, BillID Hyperlink=10031110337, DeliveryStatusName=Packed, Sales Report Start Date Format=2024-05-10 04:51 pm, POP Message For No Data in the Table=Orders List not found, StatusName=VOID, DashBoardText=Dashboard | RDEP, StoreName2=Test82 - 0292, StoreName1=Select All, LoginPageText7=Log In, Sales Report Start Date Format for negative scenario=2024-09-28 04:51 pm, LoginPageText6=Sign In, LoginPageText5=Password, LoginPageText4=Username, Wrong UserName=addmi}
]]></system-out>
  </testcase>
  <testcase name="SalesReportvaliddata[{LoginPageText3=Forgot your password?, LoginPageText2=©2024 - All rights reserved by ProenX Pte Ltd., Sales Reprt Bill Id Hyperlink itemdetails=Aer KOW-MAR-R-0100 | White | 44, LoginPageText1=v2.0.0, Password=ajskak, Wrong Password=1234ad, Sales Report End Date Format=2024-09-27 04:51 pm, UserName=asgs, Table Data For Validation=10031110337, Carts Table Data For Validation=ajith.h@proenx.com, SourceName=MPOS, BillID Hyperlink=10031110337, DeliveryStatusName=Packed, Sales Report Start Date Format=2024-05-10 04:51 pm, POP Message For No Data in the Table=Orders List not found, StatusName=VOID, DashBoardText=Dashboard | RDEP, StoreName2=Test82 - 0292, StoreName1=Select All, LoginPageText7=Log In, Sales Report Start Date Format for negative scenario=2024-09-28 04:51 pm, LoginPageText6=Sign In, LoginPageText5=Password, LoginPageText4=Username, Wrong UserName=addmi}](1)" classname="com.proenx.rdep.myproject.pos.TestPractice2" time="0.0">
    <skipped message="Cannot invoke &quot;org.openqa.selenium.WebDriver.quit()&quot; because &quot;com.proenx.rdep.myproject.TestBase.driver&quot; is null"/>
  </testcase>
  <testcase name="teardown" classname="com.proenx.rdep.myproject.pos.TestPractice2" time="4.984">
    <failure message="Cannot invoke &quot;org.openqa.selenium.WebDriver.quit()&quot; because &quot;com.proenx.rdep.myproject.TestBase.driver&quot; is null" type="java.lang.NullPointerException"><![CDATA[java.lang.NullPointerException: Cannot invoke "org.openqa.selenium.WebDriver.quit()" because "com.proenx.rdep.myproject.TestBase.driver" is null
	at com.proenx.rdep.myproject.TestBase.teardown(TestBase.java:104)
	at java.base/jdk.internal.reflect.NativeMethodAccessorImpl.invoke0(Native Method)
	at java.base/jdk.internal.reflect.NativeMethodAccessorImpl.invoke(NativeMethodAccessorImpl.java:77)
	at java.base/jdk.internal.reflect.DelegatingMethodAccessorImpl.invoke(DelegatingMethodAccessorImpl.java:43)
	at java.base/java.lang.reflect.Method.invoke(Method.java:568)
	at org.testng.internal.invokers.MethodInvocationHelper.invokeMethod(MethodInvocationHelper.java:141)
	at org.testng.internal.invokers.MethodInvocationHelper.invokeMethodConsideringTimeout(MethodInvocationHelper.java:71)
	at org.testng.internal.invokers.ConfigInvoker.invokeConfigurationMethod(ConfigInvoker.java:400)
	at org.testng.internal.invokers.ConfigInvoker.invokeConfigurations(ConfigInvoker.java:333)
	at org.testng.internal.invokers.TestInvoker.runConfigMethods(TestInvoker.java:833)
	at org.testng.internal.invokers.TestInvoker.runAfterConfigurations(TestInvoker.java:802)
	at org.testng.internal.invokers.TestInvoker.invokeMethod(TestInvoker.java:622)
	at org.testng.internal.invokers.TestInvoker.invokeTestMethod(TestInvoker.java:230)
	at org.testng.internal.invokers.MethodRunner.runInSequence(MethodRunner.java:63)
	at org.testng.internal.invokers.TestInvoker$MethodInvocationAgent.invoke(TestInvoker.java:992)
	at org.testng.internal.invokers.TestInvoker.invokeTestMethods(TestInvoker.java:203)
	at org.testng.internal.invokers.TestMethodWorker.invokeTestMethods(TestMethodWorker.java:154)
	at org.testng.internal.invokers.TestMethodWorker.run(TestMethodWorker.java:134)
	at java.base/java.util.ArrayList.forEach(ArrayList.java:1511)
	at org.testng.TestRunner.privateRun(TestRunner.java:739)
	at org.testng.TestRunner.run(TestRunner.java:614)
	at org.testng.SuiteRunner.runTest(SuiteRunner.java:421)
	at org.testng.SuiteRunner.runSequentially(SuiteRunner.java:413)
	at org.testng.SuiteRunner.privateRun(SuiteRunner.java:373)
	at org.testng.SuiteRunner.run(SuiteRunner.java:312)
	at org.testng.SuiteRunnerWorker.runSuite(SuiteRunnerWorker.java:52)
	at org.testng.SuiteRunnerWorker.run(SuiteRunnerWorker.java:95)
	at org.testng.TestNG.runSuitesSequentially(TestNG.java:1274)
	at org.testng.TestNG.runSuitesLocally(TestNG.java:1208)
	at org.testng.TestNG.runSuites(TestNG.java:1112)
	at org.testng.TestNG.run(TestNG.java:1079)
	at org.apache.maven.surefire.testng.TestNGExecutor.run(TestNGExecutor.java:308)
	at org.apache.maven.surefire.testng.TestNGXmlTestSuite.execute(TestNGXmlTestSuite.java:71)
	at org.apache.maven.surefire.testng.TestNGProvider.invoke(TestNGProvider.java:113)
	at org.apache.maven.surefire.booter.ForkedBooter.runSuitesInProcess(ForkedBooter.java:385)
	at org.apache.maven.surefire.booter.ForkedBooter.execute(ForkedBooter.java:162)
	at org.apache.maven.surefire.booter.ForkedBooter.run(ForkedBooter.java:507)
	at org.apache.maven.surefire.booter.ForkedBooter.main(ForkedBooter.java:495)
]]></failure>
  </testcase>
  <testcase name="getTestCaseName" classname="com.proenx.rdep.myproject.pos.Create_SimpleLine_Promo_System" time="0.0">
    <skipped message="Skipping Test  case as Run mode is set to no"/>
  </testcase>
  <testcase name="launchBrowser" classname="com.proenx.rdep.myproject.pos.Create_SimpleLine_Promo_System" time="0.0">
    <skipped/>
    <system-out><![CDATA[Create_SimpleLine_Promo_System test case starts from row number :- 13
Total number of columns are:- 21
Total number of iterations/rows are :- 1
***************************************************

----{Promotion Type6=abc, Promotion Type5=abc, Promotion Type4=abc, Promotion Type3=abc, Password=ajskak, Promotion Details Error PopUp=Please Select Promotion Type, Promotion Type2=Combination Pool, Promotion Type1=Simple Line, Master Promotion End Date Format=2024-10-07 04:51 pm, Discount Value=10, Master Promotion Start Date Format=2024-10-05 04:51 pm, Promotion successful Message=Promotion configured successfully, UserName=asgs, Promotion Name=Flat 10% OFF, StoreName2=Test82 - 0292, Promotion Code=F10%, StoreName1=Rdep Meta Limited Pune - 1765, Promotion Sub type1=Percentage, Description=Simple Line Promotion, Coupon Field=T20WC, Promotion Type7=abc}
]]></system-out>
  </testcase>
  <testcase name="create_promotion[{Promotion Type6=abc, Promotion Type5=abc, Promotion Type4=abc, Promotion Type3=abc, Password=ajskak, Promotion Details Error PopUp=Please Select Promotion Type, Promotion Type2=Combination Pool, Promotion Type1=Simple Line, Master Promotion End Date Format=2024-10-07 04:51 pm, Discount Value=10, Master Promotion Start Date Format=2024-10-05 04:51 pm, Promotion successful Message=Promotion configured successfully, UserName=asgs, Promotion Name=Flat 10% OFF, StoreName2=Test82 - 0292, Promotion Code=F10%, StoreName1=Rdep Meta Limited Pune - 1765, Promotion Sub type1=Percentage, Description=Simple Line Promotion, Coupon Field=T20WC, Promotion Type7=abc}](1)" classname="com.proenx.rdep.myproject.pos.Create_SimpleLine_Promo_System" time="0.0">
    <skipped message="Cannot invoke &quot;org.openqa.selenium.WebDriver.quit()&quot; because &quot;com.proenx.rdep.myproject.TestBase.driver&quot; is null"/>
  </testcase>
  <testcase name="teardown" classname="com.proenx.rdep.myproject.pos.Create_SimpleLine_Promo_System" time="4.998">
    <failure message="Cannot invoke &quot;org.openqa.selenium.WebDriver.quit()&quot; because &quot;com.proenx.rdep.myproject.TestBase.driver&quot; is null" type="java.lang.NullPointerException"><![CDATA[java.lang.NullPointerException: Cannot invoke "org.openqa.selenium.WebDriver.quit()" because "com.proenx.rdep.myproject.TestBase.driver" is null
	at com.proenx.rdep.myproject.TestBase.teardown(TestBase.java:104)
	at java.base/jdk.internal.reflect.NativeMethodAccessorImpl.invoke0(Native Method)
	at java.base/jdk.internal.reflect.NativeMethodAccessorImpl.invoke(NativeMethodAccessorImpl.java:77)
	at java.base/jdk.internal.reflect.DelegatingMethodAccessorImpl.invoke(DelegatingMethodAccessorImpl.java:43)
	at java.base/java.lang.reflect.Method.invoke(Method.java:568)
	at org.testng.internal.invokers.MethodInvocationHelper.invokeMethod(MethodInvocationHelper.java:141)
	at org.testng.internal.invokers.MethodInvocationHelper.invokeMethodConsideringTimeout(MethodInvocationHelper.java:71)
	at org.testng.internal.invokers.ConfigInvoker.invokeConfigurationMethod(ConfigInvoker.java:400)
	at org.testng.internal.invokers.ConfigInvoker.invokeConfigurations(ConfigInvoker.java:333)
	at org.testng.internal.invokers.TestInvoker.runConfigMethods(TestInvoker.java:833)
	at org.testng.internal.invokers.TestInvoker.runAfterConfigurations(TestInvoker.java:802)
	at org.testng.internal.invokers.TestInvoker.invokeMethod(TestInvoker.java:622)
	at org.testng.internal.invokers.TestInvoker.invokeTestMethod(TestInvoker.java:230)
	at org.testng.internal.invokers.MethodRunner.runInSequence(MethodRunner.java:63)
	at org.testng.internal.invokers.TestInvoker$MethodInvocationAgent.invoke(TestInvoker.java:992)
	at org.testng.internal.invokers.TestInvoker.invokeTestMethods(TestInvoker.java:203)
	at org.testng.internal.invokers.TestMethodWorker.invokeTestMethods(TestMethodWorker.java:154)
	at org.testng.internal.invokers.TestMethodWorker.run(TestMethodWorker.java:134)
	at java.base/java.util.ArrayList.forEach(ArrayList.java:1511)
	at org.testng.TestRunner.privateRun(TestRunner.java:739)
	at org.testng.TestRunner.run(TestRunner.java:614)
	at org.testng.SuiteRunner.runTest(SuiteRunner.java:421)
	at org.testng.SuiteRunner.runSequentially(SuiteRunner.java:413)
	at org.testng.SuiteRunner.privateRun(SuiteRunner.java:373)
	at org.testng.SuiteRunner.run(SuiteRunner.java:312)
	at org.testng.SuiteRunnerWorker.runSuite(SuiteRunnerWorker.java:52)
	at org.testng.SuiteRunnerWorker.run(SuiteRunnerWorker.java:95)
	at org.testng.TestNG.runSuitesSequentially(TestNG.java:1274)
	at org.testng.TestNG.runSuitesLocally(TestNG.java:1208)
	at org.testng.TestNG.runSuites(TestNG.java:1112)
	at org.testng.TestNG.run(TestNG.java:1079)
	at org.apache.maven.surefire.testng.TestNGExecutor.run(TestNGExecutor.java:308)
	at org.apache.maven.surefire.testng.TestNGXmlTestSuite.execute(TestNGXmlTestSuite.java:71)
	at org.apache.maven.surefire.testng.TestNGProvider.invoke(TestNGProvider.java:113)
	at org.apache.maven.surefire.booter.ForkedBooter.runSuitesInProcess(ForkedBooter.java:385)
	at org.apache.maven.surefire.booter.ForkedBooter.execute(ForkedBooter.java:162)
	at org.apache.maven.surefire.booter.ForkedBooter.run(ForkedBooter.java:507)
	at org.apache.maven.surefire.booter.ForkedBooter.main(ForkedBooter.java:495)
]]></failure>
  </testcase>
  <testcase name="getTestCaseName" classname="com.proenx.rdep.myproject.pos.Promo_Test_Case_Combination_Pool" time="0.0">
    <skipped message="Skipping Test  case as Run mode is set to no"/>
  </testcase>
  <testcase name="launchBrowser" classname="com.proenx.rdep.myproject.pos.Promo_Test_Case_Combination_Pool" time="0.0">
    <skipped/>
    <system-out><![CDATA[Promo_Test_Case_Combination_Pool test case starts from row number :- 17
Total number of columns are:- 43
Total number of iterations/rows are :- 1
***************************************************

----{combination Pool Type5=abc, UserName=admin, Coupon Field=T20WC, combination Pool Type4=abc, Combination Pool Discount Value=15, combination Pool Type3=abc, combination Pool Type2=abc, combination Pool Type1=Combination Pool, Combination Pool Promotion Details Error PopUp=Please Select Promotion Type, StoreName2=Test82 - 0292, Password=admin, StoreName1=Rdep Meta Limited Pune - 1765, Combination Pool Description=Combination Pool Promotion, Combination Pool Promotion successful Message=Promotion configured successfully, Discount Value=10, Promotion successful Message=Promotion configured successfully, Description=Simple Line Promotion, Combination Pool Promotion Code=COM15%, Promotion Details Error PopUp=Please Select Promotion Type, CombinationPool End Date Format=2024-10-07 04:51 pm, Master Promotion Start Date Format=2024-10-05 04:51 pm, Combination Pool Promotion Sub type1=Percentage, Promotion Type7=abc, Master Promotion End Date Format=2024-10-07 04:51 pm, Combination Pool Coupon Field=T20WC, Promotion Type6=abc, Promotion Type5=abc, Promotion Type4=abc, Promotion Code=F10%, Combination Pool Promotion Name=Combi Test, Combination Pool StoreName2=Test82 - 0292, Promotion Type3=abc, Combination Pool StoreName1=Rdep Meta Limited Pune - 1765, Promotion Type2=Combination Pool, Promotion Type1=Simple Line, Promotion Sub type1=Percentage, Promotion Name=Flat 10% OFF, CombinationPool Start Date Format=2024-10-05 04:51 pm, Combination Pool Qualified Quantiy=2}
]]></system-out>
  </testcase>
  <testcase name="create_promotion[{combination Pool Type5=abc, UserName=admin, Coupon Field=T20WC, combination Pool Type4=abc, Combination Pool Discount Value=15, combination Pool Type3=abc, combination Pool Type2=abc, combination Pool Type1=Combination Pool, Combination Pool Promotion Details Error PopUp=Please Select Promotion Type, StoreName2=Test82 - 0292, Password=admin, StoreName1=Rdep Meta Limited Pune - 1765, Combination Pool Description=Combination Pool Promotion, Combination Pool Promotion successful Message=Promotion configured successfully, Discount Value=10, Promotion successful Message=Promotion configured successfully, Description=Simple Line Promotion, Combination Pool Promotion Code=COM15%, Promotion Details Error PopUp=Please Select Promotion Type, CombinationPool End Date Format=2024-10-07 04:51 pm, Master Promotion Start Date Format=2024-10-05 04:51 pm, Combination Pool Promotion Sub type1=Percentage, Promotion Type7=abc, Master Promotion End Date Format=2024-10-07 04:51 pm, Combination Pool Coupon Field=T20WC, Promotion Type6=abc, Promotion Type5=abc, Promotion Type4=abc, Promotion Code=F10%, Combination Pool Promotion Name=Combi Test, Combination Pool StoreName2=Test82 - 0292, Promotion Type3=abc, Combination Pool StoreName1=Rdep Meta Limited Pune - 1765, Promotion Type2=Combination Pool, Promotion Type1=Simple Line, Promotion Sub type1=Percentage, Promotion Name=Flat 10% OFF, CombinationPool Start Date Format=2024-10-05 04:51 pm, Combination Pool Qualified Quantiy=2}](1)" classname="com.proenx.rdep.myproject.pos.Promo_Test_Case_Combination_Pool" time="0.0">
    <skipped message="Cannot invoke &quot;org.openqa.selenium.WebDriver.quit()&quot; because &quot;com.proenx.rdep.myproject.TestBase.driver&quot; is null"/>
  </testcase>
  <testcase name="teardown" classname="com.proenx.rdep.myproject.pos.Promo_Test_Case_Combination_Pool" time="5.006">
    <failure message="Cannot invoke &quot;org.openqa.selenium.WebDriver.quit()&quot; because &quot;com.proenx.rdep.myproject.TestBase.driver&quot; is null" type="java.lang.NullPointerException"><![CDATA[java.lang.NullPointerException: Cannot invoke "org.openqa.selenium.WebDriver.quit()" because "com.proenx.rdep.myproject.TestBase.driver" is null
	at com.proenx.rdep.myproject.TestBase.teardown(TestBase.java:104)
	at java.base/jdk.internal.reflect.NativeMethodAccessorImpl.invoke0(Native Method)
	at java.base/jdk.internal.reflect.NativeMethodAccessorImpl.invoke(NativeMethodAccessorImpl.java:77)
	at java.base/jdk.internal.reflect.DelegatingMethodAccessorImpl.invoke(DelegatingMethodAccessorImpl.java:43)
	at java.base/java.lang.reflect.Method.invoke(Method.java:568)
	at org.testng.internal.invokers.MethodInvocationHelper.invokeMethod(MethodInvocationHelper.java:141)
	at org.testng.internal.invokers.MethodInvocationHelper.invokeMethodConsideringTimeout(MethodInvocationHelper.java:71)
	at org.testng.internal.invokers.ConfigInvoker.invokeConfigurationMethod(ConfigInvoker.java:400)
	at org.testng.internal.invokers.ConfigInvoker.invokeConfigurations(ConfigInvoker.java:333)
	at org.testng.internal.invokers.TestInvoker.runConfigMethods(TestInvoker.java:833)
	at org.testng.internal.invokers.TestInvoker.runAfterConfigurations(TestInvoker.java:802)
	at org.testng.internal.invokers.TestInvoker.invokeMethod(TestInvoker.java:622)
	at org.testng.internal.invokers.TestInvoker.invokeTestMethod(TestInvoker.java:230)
	at org.testng.internal.invokers.MethodRunner.runInSequence(MethodRunner.java:63)
	at org.testng.internal.invokers.TestInvoker$MethodInvocationAgent.invoke(TestInvoker.java:992)
	at org.testng.internal.invokers.TestInvoker.invokeTestMethods(TestInvoker.java:203)
	at org.testng.internal.invokers.TestMethodWorker.invokeTestMethods(TestMethodWorker.java:154)
	at org.testng.internal.invokers.TestMethodWorker.run(TestMethodWorker.java:134)
	at java.base/java.util.ArrayList.forEach(ArrayList.java:1511)
	at org.testng.TestRunner.privateRun(TestRunner.java:739)
	at org.testng.TestRunner.run(TestRunner.java:614)
	at org.testng.SuiteRunner.runTest(SuiteRunner.java:421)
	at org.testng.SuiteRunner.runSequentially(SuiteRunner.java:413)
	at org.testng.SuiteRunner.privateRun(SuiteRunner.java:373)
	at org.testng.SuiteRunner.run(SuiteRunner.java:312)
	at org.testng.SuiteRunnerWorker.runSuite(SuiteRunnerWorker.java:52)
	at org.testng.SuiteRunnerWorker.run(SuiteRunnerWorker.java:95)
	at org.testng.TestNG.runSuitesSequentially(TestNG.java:1274)
	at org.testng.TestNG.runSuitesLocally(TestNG.java:1208)
	at org.testng.TestNG.runSuites(TestNG.java:1112)
	at org.testng.TestNG.run(TestNG.java:1079)
	at org.apache.maven.surefire.testng.TestNGExecutor.run(TestNGExecutor.java:308)
	at org.apache.maven.surefire.testng.TestNGXmlTestSuite.execute(TestNGXmlTestSuite.java:71)
	at org.apache.maven.surefire.testng.TestNGProvider.invoke(TestNGProvider.java:113)
	at org.apache.maven.surefire.booter.ForkedBooter.runSuitesInProcess(ForkedBooter.java:385)
	at org.apache.maven.surefire.booter.ForkedBooter.execute(ForkedBooter.java:162)
	at org.apache.maven.surefire.booter.ForkedBooter.run(ForkedBooter.java:507)
	at org.apache.maven.surefire.booter.ForkedBooter.main(ForkedBooter.java:495)
]]></failure>
  </testcase>
  <testcase name="getTestCaseName" classname="com.proenx.rdep.myproject.pos.Package_Quantity_Test_Cases" time="0.0">
    <skipped message="Skipping Test  case as Run mode is set to no"/>
  </testcase>
  <testcase name="launchBrowser" classname="com.proenx.rdep.myproject.pos.Package_Quantity_Test_Cases" time="0.0">
    <skipped/>
    <system-out><![CDATA[Package_Quantity_Test_Cases test case starts from row number :- 21
Total number of columns are:- 22
Total number of iterations/rows are :- 1
***************************************************

----{Password=ajskak, Package Quantity Promotion Name=Pakage TEST, Package Quantity Promotion Code=PACKAGE12%, Package Quantity Type7=abc, Package Quatity Trigger Quantiy=2, Package Quantity Type6=abc, Package Quantity Type5=abc, Package Quantity Type4=abc, Package Quantity Type3=abc, Package Quantity Type2=abc, Package Quantity Type1=Package Quantity, Package Quantity Promotion Sub type1=Percentage, UserName=asgs, Package Quantity Description=Package Qauantity Pool Promotion, Package Quantity Discount Value=12, Package Quantity StoreName2=Test82 - 0292, Package Quantity End Date Format=2024-10-07 04:51 pm, Package Quantity StoreName1=Rdep Meta Limited Pune - 1765, Package Quantity Promotion Details Error PopUp=Please Select Promotion Type, Package Quantity  Promotion successful Message=Promotion configured successfully, Package Quantity Start Date Format=2024-10-05 04:51 pm, Package Quantity Pool Coupon Field=T20WC}
]]></system-out>
  </testcase>
  <testcase name="create_promotion[{Password=ajskak, Package Quantity Promotion Name=Pakage TEST, Package Quantity Promotion Code=PACKAGE12%, Package Quantity Type7=abc, Package Quatity Trigger Quantiy=2, Package Quantity Type6=abc, Package Quantity Type5=abc, Package Quantity Type4=abc, Package Quantity Type3=abc, Package Quantity Type2=abc, Package Quantity Type1=Package Quantity, Package Quantity Promotion Sub type1=Percentage, UserName=asgs, Package Quantity Description=Package Qauantity Pool Promotion, Package Quantity Discount Value=12, Package Quantity StoreName2=Test82 - 0292, Package Quantity End Date Format=2024-10-07 04:51 pm, Package Quantity StoreName1=Rdep Meta Limited Pune - 1765, Package Quantity Promotion Details Error PopUp=Please Select Promotion Type, Package Quantity  Promotion successful Message=Promotion configured successfully, Package Quantity Start Date Format=2024-10-05 04:51 pm, Package Quantity Pool Coupon Field=T20WC}](1)" classname="com.proenx.rdep.myproject.pos.Package_Quantity_Test_Cases" time="0.0">
    <skipped message="Cannot invoke &quot;org.openqa.selenium.WebDriver.quit()&quot; because &quot;com.proenx.rdep.myproject.TestBase.driver&quot; is null"/>
  </testcase>
  <testcase name="teardown" classname="com.proenx.rdep.myproject.pos.Package_Quantity_Test_Cases" time="4.999">
    <failure message="Cannot invoke &quot;org.openqa.selenium.WebDriver.quit()&quot; because &quot;com.proenx.rdep.myproject.TestBase.driver&quot; is null" type="java.lang.NullPointerException"><![CDATA[java.lang.NullPointerException: Cannot invoke "org.openqa.selenium.WebDriver.quit()" because "com.proenx.rdep.myproject.TestBase.driver" is null
	at com.proenx.rdep.myproject.TestBase.teardown(TestBase.java:104)
	at java.base/jdk.internal.reflect.NativeMethodAccessorImpl.invoke0(Native Method)
	at java.base/jdk.internal.reflect.NativeMethodAccessorImpl.invoke(NativeMethodAccessorImpl.java:77)
	at java.base/jdk.internal.reflect.DelegatingMethodAccessorImpl.invoke(DelegatingMethodAccessorImpl.java:43)
	at java.base/java.lang.reflect.Method.invoke(Method.java:568)
	at org.testng.internal.invokers.MethodInvocationHelper.invokeMethod(MethodInvocationHelper.java:141)
	at org.testng.internal.invokers.MethodInvocationHelper.invokeMethodConsideringTimeout(MethodInvocationHelper.java:71)
	at org.testng.internal.invokers.ConfigInvoker.invokeConfigurationMethod(ConfigInvoker.java:400)
	at org.testng.internal.invokers.ConfigInvoker.invokeConfigurations(ConfigInvoker.java:333)
	at org.testng.internal.invokers.TestInvoker.runConfigMethods(TestInvoker.java:833)
	at org.testng.internal.invokers.TestInvoker.runAfterConfigurations(TestInvoker.java:802)
	at org.testng.internal.invokers.TestInvoker.invokeMethod(TestInvoker.java:622)
	at org.testng.internal.invokers.TestInvoker.invokeTestMethod(TestInvoker.java:230)
	at org.testng.internal.invokers.MethodRunner.runInSequence(MethodRunner.java:63)
	at org.testng.internal.invokers.TestInvoker$MethodInvocationAgent.invoke(TestInvoker.java:992)
	at org.testng.internal.invokers.TestInvoker.invokeTestMethods(TestInvoker.java:203)
	at org.testng.internal.invokers.TestMethodWorker.invokeTestMethods(TestMethodWorker.java:154)
	at org.testng.internal.invokers.TestMethodWorker.run(TestMethodWorker.java:134)
	at java.base/java.util.ArrayList.forEach(ArrayList.java:1511)
	at org.testng.TestRunner.privateRun(TestRunner.java:739)
	at org.testng.TestRunner.run(TestRunner.java:614)
	at org.testng.SuiteRunner.runTest(SuiteRunner.java:421)
	at org.testng.SuiteRunner.runSequentially(SuiteRunner.java:413)
	at org.testng.SuiteRunner.privateRun(SuiteRunner.java:373)
	at org.testng.SuiteRunner.run(SuiteRunner.java:312)
	at org.testng.SuiteRunnerWorker.runSuite(SuiteRunnerWorker.java:52)
	at org.testng.SuiteRunnerWorker.run(SuiteRunnerWorker.java:95)
	at org.testng.TestNG.runSuitesSequentially(TestNG.java:1274)
	at org.testng.TestNG.runSuitesLocally(TestNG.java:1208)
	at org.testng.TestNG.runSuites(TestNG.java:1112)
	at org.testng.TestNG.run(TestNG.java:1079)
	at org.apache.maven.surefire.testng.TestNGExecutor.run(TestNGExecutor.java:308)
	at org.apache.maven.surefire.testng.TestNGXmlTestSuite.execute(TestNGXmlTestSuite.java:71)
	at org.apache.maven.surefire.testng.TestNGProvider.invoke(TestNGProvider.java:113)
	at org.apache.maven.surefire.booter.ForkedBooter.runSuitesInProcess(ForkedBooter.java:385)
	at org.apache.maven.surefire.booter.ForkedBooter.execute(ForkedBooter.java:162)
	at org.apache.maven.surefire.booter.ForkedBooter.run(ForkedBooter.java:507)
	at org.apache.maven.surefire.booter.ForkedBooter.main(ForkedBooter.java:495)
]]></failure>
  </testcase>
  <testcase name="getTestCaseName" classname="com.proenx.rdep.myproject.pos.Inventory_TestCases" time="0.0">
    <skipped message="Skipping Test  case as Run mode is set to no"/>
  </testcase>
  <testcase name="launchBrowser" classname="com.proenx.rdep.myproject.pos.Inventory_TestCases" time="0.0">
    <skipped/>
    <system-out><![CDATA[Inventory_TestCases test case starts from row number :- 25
Total number of columns are:- 22
Total number of iterations/rows are :- 1
***************************************************

----{Inventory List Store Name3=sky, Inventory List Filter Select Store1=Rdep Meta Limited Pune - 1765, Inventory List Store Name2=wwe, Inventory List Store Name1=Rdep Meta Limited Pune - 1765, Inventory Import Successful Message=Inventory imported successfully., Inventory Import Error Message for not selecting Store=Please Select Store, Inventory List Search Data for File Reset with Single SKU file=70002400, Inventory Import Store=Rdep Meta Limited Pune - 1765, Inventory Adjustment Successful Message=Inventory adjusted successfully., Inventory Adjustment Error Message for not selecting Store=Please Select Store, Inventory List Search Data for File Reset for three sku3=8904389900550, Inventory List Search Data for File Reset for three sku2=8904389900567, Inventory List Search Data for File Reset for three sku1=40002100, Inventory List Search Data for Update for three sku3=80002500, Inventory List Search Data for Update for three sku2=50002200, Inventory List Search Data for Update for three sku1=8904389909669, Inventory Adjustment Unsuccessful Message=Error updating inventory., Inventory Import Unsuccessful Message=Required data not found. Please upload the correct file., Inventory Adjustment Error Message for not selecting file=Please Select File, Inventory Import Error Message for not selecting file=Please Select File, Inventory List Search Data forUpdate with Single SKU file=60002300}
]]></system-out>
  </testcase>
  <testcase name="Inventory_List_Reset[{Inventory List Store Name3=sky, Inventory List Filter Select Store1=Rdep Meta Limited Pune - 1765, Inventory List Store Name2=wwe, Inventory List Store Name1=Rdep Meta Limited Pune - 1765, Inventory Import Successful Message=Inventory imported successfully., Inventory Import Error Message for not selecting Store=Please Select Store, Inventory List Search Data for File Reset with Single SKU file=70002400, Inventory Import Store=Rdep Meta Limited Pune - 1765, Inventory Adjustment Successful Message=Inventory adjusted successfully., Inventory Adjustment Error Message for not selecting Store=Please Select Store, Inventory List Search Data for File Reset for three sku3=8904389900550, Inventory List Search Data for File Reset for three sku2=8904389900567, Inventory List Search Data for File Reset for three sku1=40002100, Inventory List Search Data for Update for three sku3=80002500, Inventory List Search Data for Update for three sku2=50002200, Inventory List Search Data for Update for three sku1=8904389909669, Inventory Adjustment Unsuccessful Message=Error updating inventory., Inventory Import Unsuccessful Message=Required data not found. Please upload the correct file., Inventory Adjustment Error Message for not selecting file=Please Select File, Inventory Import Error Message for not selecting file=Please Select File, Inventory List Search Data forUpdate with Single SKU file=60002300}](1)" classname="com.proenx.rdep.myproject.pos.Inventory_TestCases" time="0.0">
    <skipped message="Cannot invoke &quot;org.openqa.selenium.WebDriver.quit()&quot; because &quot;com.proenx.rdep.myproject.TestBase.driver&quot; is null"/>
  </testcase>
  <testcase name="teardown" classname="com.proenx.rdep.myproject.pos.Inventory_TestCases" time="5.013">
    <failure message="Cannot invoke &quot;org.openqa.selenium.WebDriver.quit()&quot; because &quot;com.proenx.rdep.myproject.TestBase.driver&quot; is null" type="java.lang.NullPointerException"><![CDATA[java.lang.NullPointerException: Cannot invoke "org.openqa.selenium.WebDriver.quit()" because "com.proenx.rdep.myproject.TestBase.driver" is null
	at com.proenx.rdep.myproject.TestBase.teardown(TestBase.java:104)
	at java.base/jdk.internal.reflect.NativeMethodAccessorImpl.invoke0(Native Method)
	at java.base/jdk.internal.reflect.NativeMethodAccessorImpl.invoke(NativeMethodAccessorImpl.java:77)
	at java.base/jdk.internal.reflect.DelegatingMethodAccessorImpl.invoke(DelegatingMethodAccessorImpl.java:43)
	at java.base/java.lang.reflect.Method.invoke(Method.java:568)
	at org.testng.internal.invokers.MethodInvocationHelper.invokeMethod(MethodInvocationHelper.java:141)
	at org.testng.internal.invokers.MethodInvocationHelper.invokeMethodConsideringTimeout(MethodInvocationHelper.java:71)
	at org.testng.internal.invokers.ConfigInvoker.invokeConfigurationMethod(ConfigInvoker.java:400)
	at org.testng.internal.invokers.ConfigInvoker.invokeConfigurations(ConfigInvoker.java:333)
	at org.testng.internal.invokers.TestInvoker.runConfigMethods(TestInvoker.java:833)
	at org.testng.internal.invokers.TestInvoker.runAfterConfigurations(TestInvoker.java:802)
	at org.testng.internal.invokers.TestInvoker.invokeMethod(TestInvoker.java:622)
	at org.testng.internal.invokers.TestInvoker.invokeTestMethod(TestInvoker.java:230)
	at org.testng.internal.invokers.MethodRunner.runInSequence(MethodRunner.java:63)
	at org.testng.internal.invokers.TestInvoker$MethodInvocationAgent.invoke(TestInvoker.java:992)
	at org.testng.internal.invokers.TestInvoker.invokeTestMethods(TestInvoker.java:203)
	at org.testng.internal.invokers.TestMethodWorker.invokeTestMethods(TestMethodWorker.java:154)
	at org.testng.internal.invokers.TestMethodWorker.run(TestMethodWorker.java:134)
	at java.base/java.util.ArrayList.forEach(ArrayList.java:1511)
	at org.testng.TestRunner.privateRun(TestRunner.java:739)
	at org.testng.TestRunner.run(TestRunner.java:614)
	at org.testng.SuiteRunner.runTest(SuiteRunner.java:421)
	at org.testng.SuiteRunner.runSequentially(SuiteRunner.java:413)
	at org.testng.SuiteRunner.privateRun(SuiteRunner.java:373)
	at org.testng.SuiteRunner.run(SuiteRunner.java:312)
	at org.testng.SuiteRunnerWorker.runSuite(SuiteRunnerWorker.java:52)
	at org.testng.SuiteRunnerWorker.run(SuiteRunnerWorker.java:95)
	at org.testng.TestNG.runSuitesSequentially(TestNG.java:1274)
	at org.testng.TestNG.runSuitesLocally(TestNG.java:1208)
	at org.testng.TestNG.runSuites(TestNG.java:1112)
	at org.testng.TestNG.run(TestNG.java:1079)
	at org.apache.maven.surefire.testng.TestNGExecutor.run(TestNGExecutor.java:308)
	at org.apache.maven.surefire.testng.TestNGXmlTestSuite.execute(TestNGXmlTestSuite.java:71)
	at org.apache.maven.surefire.testng.TestNGProvider.invoke(TestNGProvider.java:113)
	at org.apache.maven.surefire.booter.ForkedBooter.runSuitesInProcess(ForkedBooter.java:385)
	at org.apache.maven.surefire.booter.ForkedBooter.execute(ForkedBooter.java:162)
	at org.apache.maven.surefire.booter.ForkedBooter.run(ForkedBooter.java:507)
	at org.apache.maven.surefire.booter.ForkedBooter.main(ForkedBooter.java:495)
]]></failure>
  </testcase>
  <testcase name="single_Product3[{Stock for adding new Product=5, Select Store for adding new Product=Blissclub HSR - 0265, Error Message for  Product Catagory  Mandatory Field=Please Select Category., Error Message for  Product SKU Mandatory Field=Please Enter Product SKU., Product Sku=202325, Error Message for   Entering Category Name  Mandatory Field=Please Enter Category Name, Attribute Type1=Color, Product Description=Pure Crystal Glass Boltle withEnv Friendlt Material, Error Message for  Product Name Mandatory Field=Please Enter Product Name, Error Message for  Select Store Mandatory Field=Please Select Store., Least Price for adding new Product=399, Select Category for adding new Product=Accessories, Catagory Description inside Add Catagory Screen=Pure Cotton with HandMade Craft, Unit Price for adding new Product=399, Catagory Name inside Add Catagory Screen=Cotton Section1, Select Store for adding new Catagory=Blissclub HSR - 0265, Error Message for   Entering Description  Mandatory Field=Please Enter Category Description, Attribute Value1=Bella Blue, path of file=C:\\Users\\sunil\\Test File Format\\screenshot.png, Product Name=202325_Glass_Bottle}](1)" classname="com.proenx.rdep.myproject.pos.Single_Product_TestCases" time="36.939">
    <system-out><![CDATA[Single_Product_TestCases test case starts from row number :- 29
Total number of columns are:- 20
Total number of iterations/rows are :- 1
***************************************************

----{Stock for adding new Product=5, Select Store for adding new Product=Blissclub HSR - 0265, Error Message for  Product Catagory  Mandatory Field=Please Select Category., Error Message for  Product SKU Mandatory Field=Please Enter Product SKU., Product Sku=202325, Error Message for   Entering Category Name  Mandatory Field=Please Enter Category Name, Attribute Type1=Color, Product Description=Pure Crystal Glass Boltle withEnv Friendlt Material, Error Message for  Product Name Mandatory Field=Please Enter Product Name, Error Message for  Select Store Mandatory Field=Please Select Store., Least Price for adding new Product=399, Select Category for adding new Product=Accessories, Catagory Description inside Add Catagory Screen=Pure Cotton with HandMade Craft, Unit Price for adding new Product=399, Catagory Name inside Add Catagory Screen=Cotton Section1, Select Store for adding new Catagory=Blissclub HSR - 0265, Error Message for   Entering Description  Mandatory Field=Please Enter Category Description, Attribute Value1=Bella Blue, path of file=C:\\Users\\sunil\\Test File Format\\screenshot.png, Product Name=202325_Glass_Bottle}
Chrome Driver is launched
Number of options found: 50
Select All
test3 - 98992
test2 - 98981
AVC - 324235
test6 - 98994
testtttt - 55555
test5 - 98993
test6 - 98994
Sona - 8998
Blissclub Infinity - 0268
Royal - 9994
Hardcastle Restaurants Pvt. Ltd. - 199992336
Hardcastle Restaurants Pvt. Ltd. - 199992337
BlissClub Store Demo HSR - 0269
Hardcastle Restaurants Pvt. Ltd. - 199992339
Ajiyyy - 9908
Test32 - 17623
Hardcastle Restaurants Pvt. Ltd. - 2008
testtttt - 55555111
testtttt - 55555112
Hardcastle Restaurants Pvt. Ltd., - 112233
Testlocal - 9011
Connaught Plaza Restaurants Pvt. Ltd. - 1122334455
Hardcastle Restaurants Pvt. Ltd., - 11223344
DJ - 00221
Jimmy1 - 231
Jimmy1 - 0021
Pro - 200232
TestQuarts4 - 00223
Telsting Test - 12l3123
new store - 12l3123store
TestQuarts - 789
testQuarts1 - 00789
TestQuarts3 - 00778
Pro - 200232
new store1 - 12l3123store1
qwertyTest1 - 12878
Boat - 89282
Boat - 89286
Boat - 89289
Boat - 8928949
Boat - 892849
Boat - 89289459
Boat - 892892459
Boat - 8928912459
Blissclub HSR - 0265
Blissclub HSR - 0265 has been selected.
Number of options found: 198
Kingdom of White
Mens
Bag
Paper Bag
Bottomwear
Topwear
Sports Bra
Accessories
Accessories has been selected.
]]></system-out>
    <system-err><![CDATA[Oct 28, 2024 11:29:49 PM org.openqa.selenium.devtools.CdpVersionFinder findNearestMatch
WARNING: Unable to find an exact match for CDP version 129, returning the closest version; found: 127; Please update to a Selenium version that supports CDP version 129
]]></system-err>
  </testcase>
</testsuite>