<?xml version="1.0" encoding="UTF-8"?>
<testsuite xmlns:xsi="http://www.w3.org/2001/XMLSchema-instance" xsi:noNamespaceSchemaLocation="https://maven.apache.org/surefire/maven-surefire-plugin/xsd/surefire-test-report.xsd" version="3.0.2" name="TestSuite" time="52.44" tests="1" errors="0" skipped="0" failures="0">
  <properties>
[...]
</properties>
  <testcase name="single_Product3[{Stock for adding new Product=5, Select Store for adding new Product=Rdep Meta Limited Pune - 1765, Error Message for  Product Catagory  Mandatory Field=Please Select Category., Error Message for  Product SKU Mandatory Field=Please Enter Product SKU., Product Sku=212222, Error Message for   Entering Category Name  Mandatory Field=Please Enter Category Name, Attribute Type1=Color, Product Description=Pure Crystal Glass Boltle withEnv Friendlt Material, Error Message for  Product HSN Code  Mandatory Field=Please Enter HSN Code., Error Message for  Product Name Mandatory Field=Please Enter Product Name, Error Message for  Select Store Mandatory Field=Please Select Store., Single Product Name Field Maximum Character Testing =Paste here maximum  character to check the name field capacity, Least Price for adding new Product=399, Select Category for adding new Product=Accessories, Catagory Description inside Add Catagory Screen=Pure Cotton with HandMade Craft, Unit Price for adding new Product=399, Adding Single Product Successful Message=Inventory imported successfully., Catagory Name inside Add Catagory Screen=Cotton Section1, no data for this cell=no data for this cell, Select Store for adding new Catagory=Rdep Meta Limited Pune - 1765, Error Message for   Entering Description  Mandatory Field=Please Enter Category Description, Attribute Value1=blue, Product Name=202325_Glass_Bottle, Product HSN Code=1991Test}](1)" classname="com.proenx.rdep.myproject.pos.Single_Product_TestCases" time="38.928">
    <system-out><![CDATA[Reading Configue file 
configue file is loaded 
Reading PROP file 
PROP file is loaded 
Reading PROP file 
HasTable Run Mode :{Single_Product_TestCases=Y}
Single_Product_TestCases test case starts from row number :- 52
Total number of columns are:- 24
Total number of iterations/rows are :- 1
***************************************************

----{Stock for adding new Product=5, Select Store for adding new Product=Rdep Meta Limited Pune - 1765, Error Message for  Product Catagory  Mandatory Field=Please Select Category., Error Message for  Product SKU Mandatory Field=Please Enter Product SKU., Product Sku=212222, Error Message for   Entering Category Name  Mandatory Field=Please Enter Category Name, Attribute Type1=Color, Product Description=Pure Crystal Glass Boltle withEnv Friendlt Material, Error Message for  Product HSN Code  Mandatory Field=Please Enter HSN Code., Error Message for  Product Name Mandatory Field=Please Enter Product Name, Error Message for  Select Store Mandatory Field=Please Select Store., Single Product Name Field Maximum Character Testing =Paste here maximum  character to check the name field capacity, Least Price for adding new Product=399, Select Category for adding new Product=Accessories, Catagory Description inside Add Catagory Screen=Pure Cotton with HandMade Craft, Unit Price for adding new Product=399, Adding Single Product Successful Message=Inventory imported successfully., Catagory Name inside Add Catagory Screen=Cotton Section1, no data for this cell=no data for this cell, Select Store for adding new Catagory=Rdep Meta Limited Pune - 1765, Error Message for   Entering Description  Mandatory Field=Please Enter Category Description, Attribute Value1=blue, Product Name=202325_Glass_Bottle, Product HSN Code=1991Test}
Chrome Driver is launched
Number of options found: 17
Select All
Sona - 9999
Blackberry - 1002
Metawear Limited Kolkata - 1001
RDEP Chemist - 1004
Inventory Testing - 9876
Jimmy - 9909
test02 - 000012341
Inventory Testing 2 - 123451
Rdep Meta Limited Bengluru - 1003
Boat - 9099
BOATS - 54766
Testore - 645362
Sona1 - 8888
Test82 - 0292
DJ - 9900
Rdep Meta Limited Pune - 1765
Rdep Meta Limited Pune - 1765 has been selected.
Number of options found: 108
Mens
Bottomwear
WEDGE SNEAKERS
Women
WOMENS BOTTOMS
WOMENS BOTTOMS
MENS BOTTOMS
MENS BOTTOMS
WOMENS BOTTOMS
WOMENS BOTTOMS
Testing
Clothing
Topwear
Top Wear
Top wear
Dresess
Womens
Topwear M
Bottomwear M
Footwear M
Topwear W
Bottomwear W
Footwear W
Footwear
Mens Wear B
Formal Shirt
Party wear
Suits & Blazer
Accessories B
Accessories has been selected.
]]></system-out>
    <system-err><![CDATA[SLF4J: Failed to load class "org.slf4j.impl.StaticLoggerBinder".
SLF4J: Defaulting to no-operation (NOP) logger implementation
SLF4J: See http://www.slf4j.org/codes.html#StaticLoggerBinder for further details.
ERROR StatusLogger Log4j2 could not find a logging implementation. Please add log4j-core to the classpath. Using SimpleLogger to log to the console...
Nov 16, 2024 9:35:41 AM org.openqa.selenium.devtools.CdpVersionFinder findNearestMatch
WARNING: Unable to find an exact match for CDP version 129, returning the closest version; found: 127; Please update to a Selenium version that supports CDP version 129
]]></system-err>
  </testcase>
</testsuite>